Flow report for DE1_SOC_golden_top
Thu Mar 07 15:35:23 2019
Quartus Prime Version 16.1.0 Build 196 10/24/2016 SJ Lite Edition


---------------------
; Table of Contents ;
---------------------
  1. Legal Notice
  2. Flow Summary
  3. Flow Settings
  4. Flow Non-Default Global Settings
  5. Flow Elapsed Time
  6. Flow OS Summary
  7. Flow Log
  8. Flow Messages
  9. Flow Suppressed Messages



----------------
; Legal Notice ;
----------------
Copyright (C) 2016  Intel Corporation. All rights reserved.
Your use of Intel Corporation's design tools, logic functions 
and other software and tools, and its AMPP partner logic 
functions, and any output files from any of the foregoing 
(including device programming or simulation files), and any 
associated documentation or information are expressly subject 
to the terms and conditions of the Intel Program License 
Subscription Agreement, the Intel Quartus Prime License Agreement,
the Intel MegaCore Function License Agreement, or other 
applicable license agreement, including, without limitation, 
that your use is for the sole purpose of programming logic 
devices manufactured by Intel and sold by Intel or its 
authorized distributors.  Please refer to the applicable 
agreement for further details.



+-------------------------------------------------------------------------------+
; Flow Summary                                                                  ;
+---------------------------------+---------------------------------------------+
; Flow Status                     ; Successful - Thu Mar 07 15:35:11 2019       ;
; Quartus Prime Version           ; 16.1.0 Build 196 10/24/2016 SJ Lite Edition ;
; Revision Name                   ; DE1_SOC_golden_top                          ;
; Top-level Entity Name           ; de1_top                                     ;
; Family                          ; Cyclone V                                   ;
; Device                          ; 5CSEMA5F31C6                                ;
; Timing Models                   ; Final                                       ;
; Logic utilization (in ALMs)     ; 35 / 32,070 ( < 1 % )                       ;
; Total registers                 ; 51                                          ;
; Total pins                      ; 67 / 457 ( 15 % )                           ;
; Total virtual pins              ; 0                                           ;
; Total block memory bits         ; 0 / 4,065,280 ( 0 % )                       ;
; Total DSP Blocks                ; 0 / 87 ( 0 % )                              ;
; Total HSSI RX PCSs              ; 0                                           ;
; Total HSSI PMA RX Deserializers ; 0                                           ;
; Total HSSI TX PCSs              ; 0                                           ;
; Total HSSI PMA TX Serializers   ; 0                                           ;
; Total PLLs                      ; 0 / 6 ( 0 % )                               ;
; Total DLLs                      ; 0 / 4 ( 0 % )                               ;
+---------------------------------+---------------------------------------------+


+-----------------------------------------+
; Flow Settings                           ;
+-------------------+---------------------+
; Option            ; Setting             ;
+-------------------+---------------------+
; Start date & time ; 03/07/2019 15:33:58 ;
; Main task         ; Compilation         ;
; Revision Name     ; DE1_SOC_golden_top  ;
+-------------------+---------------------+


+-----------------------------------------------------------------------------------------------------------------------------------+
; Flow Non-Default Global Settings                                                                                                  ;
+--------------------------------------+----------------------------------------+--------------------+-------------+----------------+
; Assignment Name                      ; Value                                  ; Default Value      ; Entity Name ; Section Id     ;
+--------------------------------------+----------------------------------------+--------------------+-------------+----------------+
; COMPILER_SIGNATURE_ID                ; 263988425458012.155199443708476        ; --                 ; --          ; --             ;
; EDA_DESIGN_INSTANCE_NAME             ; NA                                     ; --                 ; --          ; gen_counter_tb ;
; EDA_NATIVELINK_SIMULATION_TEST_BENCH ; gen_counter_tb                         ; --                 ; --          ; eda_simulation ;
; EDA_OUTPUT_DATA_FORMAT               ; None                                   ; --                 ; --          ; eda_simulation ;
; EDA_TEST_BENCH_ENABLE_STATUS         ; TEST_BENCH_MODE                        ; --                 ; --          ; eda_simulation ;
; EDA_TEST_BENCH_FILE                  ; gen_counter.vhd                        ; --                 ; --          ; gen_counter_tb ;
; EDA_TEST_BENCH_FILE                  ; gen_counter_tb.vhd                     ; --                 ; --          ; gen_counter_tb ;
; EDA_TEST_BENCH_MODULE_NAME           ; gen_counter_tb                         ; --                 ; --          ; gen_counter_tb ;
; EDA_TEST_BENCH_NAME                  ; gen_counter_tb                         ; --                 ; --          ; eda_simulation ;
; EDA_TEST_BENCH_RUN_SIM_FOR           ; 100 ns                                 ; --                 ; --          ; gen_counter_tb ;
; MAX_CORE_JUNCTION_TEMP               ; 85                                     ; --                 ; --          ; --             ;
; MIN_CORE_JUNCTION_TEMP               ; 0                                      ; --                 ; --          ; --             ;
; PARTITION_COLOR                      ; -- (Not supported for targeted family) ; --                 ; DE1_top     ; Top            ;
; PARTITION_FITTER_PRESERVATION_LEVEL  ; -- (Not supported for targeted family) ; --                 ; DE1_top     ; Top            ;
; PARTITION_NETLIST_TYPE               ; -- (Not supported for targeted family) ; --                 ; DE1_top     ; Top            ;
; POWER_BOARD_THERMAL_MODEL            ; None (CONSERVATIVE)                    ; --                 ; --          ; --             ;
; POWER_PRESET_COOLING_SOLUTION        ; 23 MM HEAT SINK WITH 200 LFPM AIRFLOW  ; --                 ; --          ; --             ;
; TOP_LEVEL_ENTITY                     ; DE1_top                                ; DE1_SOC_golden_top ; --          ; --             ;
+--------------------------------------+----------------------------------------+--------------------+-------------+----------------+


+-------------------------------------------------------------------------------------------------------------------------------+
; Flow Elapsed Time                                                                                                             ;
+---------------------------+--------------+-------------------------+---------------------+------------------------------------+
; Module Name               ; Elapsed Time ; Average Processors Used ; Peak Virtual Memory ; Total CPU Time (on all processors) ;
+---------------------------+--------------+-------------------------+---------------------+------------------------------------+
; Analysis & Synthesis      ; 00:00:11     ; 1.0                     ; 4873 MB             ; 00:00:23                           ;
; Fitter                    ; 00:00:46     ; 1.0                     ; 7118 MB             ; 00:01:06                           ;
; Assembler                 ; 00:00:11     ; 1.0                     ; 4850 MB             ; 00:00:07                           ;
; TimeQuest Timing Analyzer ; 00:00:11     ; 1.0                     ; 5380 MB             ; 00:00:11                           ;
; Total                     ; 00:01:19     ; --                      ; --                  ; 00:01:47                           ;
+---------------------------+--------------+-------------------------+---------------------+------------------------------------+


+-----------------------------------------------------------------------------------------+
; Flow OS Summary                                                                         ;
+---------------------------+------------------+------------+------------+----------------+
; Module Name               ; Machine Hostname ; OS Name    ; OS Version ; Processor type ;
+---------------------------+------------------+------------+------------+----------------+
; Analysis & Synthesis      ; DESKTOP-8TJRA14  ; Windows 10 ; 10.0       ; x86_64         ;
; Fitter                    ; DESKTOP-8TJRA14  ; Windows 10 ; 10.0       ; x86_64         ;
; Assembler                 ; DESKTOP-8TJRA14  ; Windows 10 ; 10.0       ; x86_64         ;
; TimeQuest Timing Analyzer ; DESKTOP-8TJRA14  ; Windows 10 ; 10.0       ; x86_64         ;
+---------------------------+------------------+------------+------------+----------------+


------------
; Flow Log ;
------------
quartus_map --read_settings_files=on --write_settings_files=off DE1_base -c DE1_SOC_golden_top
quartus_fit --read_settings_files=off --write_settings_files=off DE1_base -c DE1_SOC_golden_top
quartus_asm --read_settings_files=off --write_settings_files=off DE1_base -c DE1_SOC_golden_top
quartus_sta DE1_base -c DE1_SOC_golden_top



