Analysis & Synthesis report for DE1_SOC_golden_top
Thu Mar 21 15:48:48 2019
Quartus Prime Version 16.1.0 Build 196 10/24/2016 SJ Lite Edition


---------------------
; Table of Contents ;
---------------------
  1. Legal Notice
  2. Analysis & Synthesis Summary
  3. Analysis & Synthesis Settings
  4. Parallel Compilation
  5. Analysis & Synthesis Source Files Read
  6. Analysis & Synthesis Resource Usage Summary
  7. Analysis & Synthesis Resource Utilization by Entity
  8. State Machine - |de1_top|traffic_ew_cntrl:ew_main|current_state
  9. State Machine - |de1_top|traffic_ns_cntrl:ns_main|current_state
 10. User-Specified and Inferred Latches
 11. Registers Removed During Synthesis
 12. General Register Statistics
 13. Multiplexer Restructuring Statistics (Restructuring Performed)
 14. Parameter Settings for User Entity Instance: Top-level Entity: |DE1_top
 15. Parameter Settings for User Entity Instance: gen_counter:large_counter
 16. Parameter Settings for User Entity Instance: gen_counter:one_second_counter
 17. Parameter Settings for User Entity Instance: gen_counter:one_point_five_second_counter
 18. Parameter Settings for User Entity Instance: gen_counter:one_point_seven_five_second_counter
 19. Parameter Settings for User Entity Instance: gen_counter:five_fourth_counter
 20. Parameter Settings for User Entity Instance: gen_counter:seven_second_counter
 21. Parameter Settings for User Entity Instance: gen_counter:seven_half_second_counter
 22. Parameter Settings for User Entity Instance: gen_counter:nine_second_counter
 23. Parameter Settings for User Entity Instance: gen_counter:ten_second_counter
 24. Parameter Settings for User Entity Instance: gen_counter:eleven_half_second_counter
 25. Port Connectivity Checks: "gen_counter:eleven_half_second_counter"
 26. Port Connectivity Checks: "gen_counter:ten_second_counter"
 27. Port Connectivity Checks: "gen_counter:nine_second_counter"
 28. Port Connectivity Checks: "gen_counter:seven_half_second_counter"
 29. Port Connectivity Checks: "gen_counter:seven_second_counter"
 30. Port Connectivity Checks: "gen_counter:five_fourth_counter"
 31. Port Connectivity Checks: "gen_counter:one_point_seven_five_second_counter"
 32. Port Connectivity Checks: "gen_counter:one_point_five_second_counter"
 33. Port Connectivity Checks: "gen_counter:one_second_counter"
 34. Port Connectivity Checks: "gen_counter:large_counter"
 35. Post-Synthesis Netlist Statistics for Top Partition
 36. Elapsed Time Per Partition
 37. Analysis & Synthesis Messages



----------------
; Legal Notice ;
----------------
Copyright (C) 2016  Intel Corporation. All rights reserved.
Your use of Intel Corporation's design tools, logic functions 
and other software and tools, and its AMPP partner logic 
functions, and any output files from any of the foregoing 
(including device programming or simulation files), and any 
associated documentation or information are expressly subject 
to the terms and conditions of the Intel Program License 
Subscription Agreement, the Intel Quartus Prime License Agreement,
the Intel MegaCore Function License Agreement, or other 
applicable license agreement, including, without limitation, 
that your use is for the sole purpose of programming logic 
devices manufactured by Intel and sold by Intel or its 
authorized distributors.  Please refer to the applicable 
agreement for further details.



+-------------------------------------------------------------------------------+
; Analysis & Synthesis Summary                                                  ;
+---------------------------------+---------------------------------------------+
; Analysis & Synthesis Status     ; Successful - Thu Mar 21 15:48:48 2019       ;
; Quartus Prime Version           ; 16.1.0 Build 196 10/24/2016 SJ Lite Edition ;
; Revision Name                   ; DE1_SOC_golden_top                          ;
; Top-level Entity Name           ; de1_top                                     ;
; Family                          ; Cyclone V                                   ;
; Logic utilization (in ALMs)     ; N/A                                         ;
; Total registers                 ; 78                                          ;
; Total pins                      ; 67                                          ;
; Total virtual pins              ; 0                                           ;
; Total block memory bits         ; 0                                           ;
; Total DSP Blocks                ; 0                                           ;
; Total HSSI RX PCSs              ; 0                                           ;
; Total HSSI PMA RX Deserializers ; 0                                           ;
; Total HSSI TX PCSs              ; 0                                           ;
; Total HSSI PMA TX Serializers   ; 0                                           ;
; Total PLLs                      ; 0                                           ;
; Total DLLs                      ; 0                                           ;
+---------------------------------+---------------------------------------------+


+---------------------------------------------------------------------------------------------------------------------------+
; Analysis & Synthesis Settings                                                                                             ;
+---------------------------------------------------------------------------------+--------------------+--------------------+
; Option                                                                          ; Setting            ; Default Value      ;
+---------------------------------------------------------------------------------+--------------------+--------------------+
; Device                                                                          ; 5CSEMA5F31C6       ;                    ;
; Top-level entity name                                                           ; DE1_top            ; DE1_SOC_golden_top ;
; Family name                                                                     ; Cyclone V          ; Cyclone V          ;
; Use smart compilation                                                           ; Off                ; Off                ;
; Enable parallel Assembler and TimeQuest Timing Analyzer during compilation      ; On                 ; On                 ;
; Enable compact report table                                                     ; Off                ; Off                ;
; Restructure Multiplexers                                                        ; Auto               ; Auto               ;
; MLAB Add Timing Constraints For Mixed-Port Feed-Through Mode Setting Don't Care ; Off                ; Off                ;
; Create Debugging Nodes for IP Cores                                             ; Off                ; Off                ;
; Preserve fewer node names                                                       ; On                 ; On                 ;
; OpenCore Plus hardware evaluation                                               ; Enable             ; Enable             ;
; Verilog Version                                                                 ; Verilog_2001       ; Verilog_2001       ;
; VHDL Version                                                                    ; VHDL_1993          ; VHDL_1993          ;
; State Machine Processing                                                        ; Auto               ; Auto               ;
; Safe State Machine                                                              ; Off                ; Off                ;
; Extract Verilog State Machines                                                  ; On                 ; On                 ;
; Extract VHDL State Machines                                                     ; On                 ; On                 ;
; Ignore Verilog initial constructs                                               ; Off                ; Off                ;
; Iteration limit for constant Verilog loops                                      ; 5000               ; 5000               ;
; Iteration limit for non-constant Verilog loops                                  ; 250                ; 250                ;
; Add Pass-Through Logic to Inferred RAMs                                         ; On                 ; On                 ;
; Infer RAMs from Raw Logic                                                       ; On                 ; On                 ;
; Parallel Synthesis                                                              ; On                 ; On                 ;
; DSP Block Balancing                                                             ; Auto               ; Auto               ;
; NOT Gate Push-Back                                                              ; On                 ; On                 ;
; Power-Up Don't Care                                                             ; On                 ; On                 ;
; Remove Redundant Logic Cells                                                    ; Off                ; Off                ;
; Remove Duplicate Registers                                                      ; On                 ; On                 ;
; Ignore CARRY Buffers                                                            ; Off                ; Off                ;
; Ignore CASCADE Buffers                                                          ; Off                ; Off                ;
; Ignore GLOBAL Buffers                                                           ; Off                ; Off                ;
; Ignore ROW GLOBAL Buffers                                                       ; Off                ; Off                ;
; Ignore LCELL Buffers                                                            ; Off                ; Off                ;
; Ignore SOFT Buffers                                                             ; On                 ; On                 ;
; Limit AHDL Integers to 32 Bits                                                  ; Off                ; Off                ;
; Optimization Technique                                                          ; Balanced           ; Balanced           ;
; Carry Chain Length                                                              ; 70                 ; 70                 ;
; Auto Carry Chains                                                               ; On                 ; On                 ;
; Auto Open-Drain Pins                                                            ; On                 ; On                 ;
; Perform WYSIWYG Primitive Resynthesis                                           ; Off                ; Off                ;
; Auto ROM Replacement                                                            ; On                 ; On                 ;
; Auto RAM Replacement                                                            ; On                 ; On                 ;
; Auto DSP Block Replacement                                                      ; On                 ; On                 ;
; Auto Shift Register Replacement                                                 ; Auto               ; Auto               ;
; Allow Shift Register Merging across Hierarchies                                 ; Auto               ; Auto               ;
; Auto Clock Enable Replacement                                                   ; On                 ; On                 ;
; Strict RAM Replacement                                                          ; Off                ; Off                ;
; Allow Synchronous Control Signals                                               ; On                 ; On                 ;
; Force Use of Synchronous Clear Signals                                          ; Off                ; Off                ;
; Auto Resource Sharing                                                           ; Off                ; Off                ;
; Allow Any RAM Size For Recognition                                              ; Off                ; Off                ;
; Allow Any ROM Size For Recognition                                              ; Off                ; Off                ;
; Allow Any Shift Register Size For Recognition                                   ; Off                ; Off                ;
; Use LogicLock Constraints during Resource Balancing                             ; On                 ; On                 ;
; Ignore translate_off and synthesis_off directives                               ; Off                ; Off                ;
; Timing-Driven Synthesis                                                         ; On                 ; On                 ;
; Report Parameter Settings                                                       ; On                 ; On                 ;
; Report Source Assignments                                                       ; On                 ; On                 ;
; Report Connectivity Checks                                                      ; On                 ; On                 ;
; Ignore Maximum Fan-Out Assignments                                              ; Off                ; Off                ;
; Synchronization Register Chain Length                                           ; 3                  ; 3                  ;
; PowerPlay Power Optimization During Synthesis                                   ; Normal compilation ; Normal compilation ;
; HDL message level                                                               ; Level2             ; Level2             ;
; Suppress Register Optimization Related Messages                                 ; Off                ; Off                ;
; Number of Removed Registers Reported in Synthesis Report                        ; 5000               ; 5000               ;
; Number of Swept Nodes Reported in Synthesis Report                              ; 5000               ; 5000               ;
; Number of Inverted Registers Reported in Synthesis Report                       ; 100                ; 100                ;
; Clock MUX Protection                                                            ; On                 ; On                 ;
; Auto Gated Clock Conversion                                                     ; Off                ; Off                ;
; Block Design Naming                                                             ; Auto               ; Auto               ;
; SDC constraint protection                                                       ; Off                ; Off                ;
; Synthesis Effort                                                                ; Auto               ; Auto               ;
; Shift Register Replacement - Allow Asynchronous Clear Signal                    ; On                 ; On                 ;
; Pre-Mapping Resynthesis Optimization                                            ; Off                ; Off                ;
; Analysis & Synthesis Message Level                                              ; Medium             ; Medium             ;
; Disable Register Merging Across Hierarchies                                     ; Auto               ; Auto               ;
; Resource Aware Inference For Block RAM                                          ; On                 ; On                 ;
; Automatic Parallel Synthesis                                                    ; On                 ; On                 ;
; Partial Reconfiguration Bitstream ID                                            ; Off                ; Off                ;
+---------------------------------------------------------------------------------+--------------------+--------------------+


+------------------------------------------+
; Parallel Compilation                     ;
+----------------------------+-------------+
; Processors                 ; Number      ;
+----------------------------+-------------+
; Number detected on machine ; 8           ;
; Maximum allowed            ; 4           ;
;                            ;             ;
; Average used               ; 1.00        ;
; Maximum used               ; 4           ;
;                            ;             ;
; Usage by Processor         ; % Time Used ;
;     Processor 1            ; 100.0%      ;
;     Processors 2-4         ;   0.0%      ;
+----------------------------+-------------+


+---------------------------------------------------------------------------------------------------------------------+
; Analysis & Synthesis Source Files Read                                                                              ;
+----------------------------------+-----------------+-----------------+------------------------------------+---------+
; File Name with User-Entered Path ; Used in Netlist ; File Type       ; File Name with Absolute Path       ; Library ;
+----------------------------------+-----------------+-----------------+------------------------------------+---------+
; gen_counter.vhd                  ; yes             ; User VHDL File  ; C:/EE457/lab7/gen_counter.vhd      ;         ;
; DE1_top.vhd                      ; yes             ; User VHDL File  ; C:/EE457/lab7/DE1_top.vhd          ;         ;
; traffic_ew_cntrl.vhd             ; yes             ; User VHDL File  ; C:/EE457/lab7/traffic_ew_cntrl.vhd ;         ;
; traffic_ns_cntrl.vhd             ; yes             ; User VHDL File  ; C:/EE457/lab7/traffic_ns_cntrl.vhd ;         ;
+----------------------------------+-----------------+-----------------+------------------------------------+---------+


+--------------------------------------------------------------+
; Analysis & Synthesis Resource Usage Summary                  ;
+---------------------------------------------+----------------+
; Resource                                    ; Usage          ;
+---------------------------------------------+----------------+
; Estimate of Logic utilization (ALMs needed) ; 72             ;
;                                             ;                ;
; Combinational ALUT usage for logic          ; 118            ;
;     -- 7 input functions                    ; 0              ;
;     -- 6 input functions                    ; 25             ;
;     -- 5 input functions                    ; 19             ;
;     -- 4 input functions                    ; 18             ;
;     -- <=3 input functions                  ; 56             ;
;                                             ;                ;
; Dedicated logic registers                   ; 78             ;
;                                             ;                ;
; I/O pins                                    ; 67             ;
;                                             ;                ;
; Total DSP Blocks                            ; 0              ;
;                                             ;                ;
; Maximum fan-out node                        ; clock_50~input ;
; Maximum fan-out                             ; 78             ;
; Total fan-out                               ; 830            ;
; Average fan-out                             ; 2.52           ;
+---------------------------------------------+----------------+


+------------------------------------------------------------------------------------------------------------------------------------------------------------------------------------------------------------------------------------------------------------+
; Analysis & Synthesis Resource Utilization by Entity                                                                                                                                                                                                        ;
+------------------------------------------------------+---------------------+---------------------------+-------------------+------------+------+--------------+----------------------------------------------------------+------------------+--------------+
; Compilation Hierarchy Node                           ; Combinational ALUTs ; Dedicated Logic Registers ; Block Memory Bits ; DSP Blocks ; Pins ; Virtual Pins ; Full Hierarchy Name                                      ; Entity Name      ; Library Name ;
+------------------------------------------------------+---------------------+---------------------------+-------------------+------------+------+--------------+----------------------------------------------------------+------------------+--------------+
; |de1_top                                             ; 118 (0)             ; 78 (0)                    ; 0                 ; 0          ; 67   ; 0            ; |de1_top                                                 ; de1_top          ; work         ;
;    |gen_counter:eleven_half_second_counter|          ; 8 (8)               ; 6 (6)                     ; 0                 ; 0          ; 0    ; 0            ; |de1_top|gen_counter:eleven_half_second_counter          ; gen_counter      ; work         ;
;    |gen_counter:five_fourth_counter|                 ; 6 (6)               ; 6 (6)                     ; 0                 ; 0          ; 0    ; 0            ; |de1_top|gen_counter:five_fourth_counter                 ; gen_counter      ; work         ;
;    |gen_counter:large_counter|                       ; 29 (29)             ; 25 (25)                   ; 0                 ; 0          ; 0    ; 0            ; |de1_top|gen_counter:large_counter                       ; gen_counter      ; work         ;
;    |gen_counter:nine_second_counter|                 ; 9 (9)               ; 6 (6)                     ; 0                 ; 0          ; 0    ; 0            ; |de1_top|gen_counter:nine_second_counter                 ; gen_counter      ; work         ;
;    |gen_counter:one_point_five_second_counter|       ; 3 (3)               ; 3 (3)                     ; 0                 ; 0          ; 0    ; 0            ; |de1_top|gen_counter:one_point_five_second_counter       ; gen_counter      ; work         ;
;    |gen_counter:one_point_seven_five_second_counter| ; 4 (4)               ; 4 (4)                     ; 0                 ; 0          ; 0    ; 0            ; |de1_top|gen_counter:one_point_seven_five_second_counter ; gen_counter      ; work         ;
;    |gen_counter:one_second_counter|                  ; 3 (3)               ; 3 (3)                     ; 0                 ; 0          ; 0    ; 0            ; |de1_top|gen_counter:one_second_counter                  ; gen_counter      ; work         ;
;    |gen_counter:seven_half_second_counter|           ; 5 (5)               ; 5 (5)                     ; 0                 ; 0          ; 0    ; 0            ; |de1_top|gen_counter:seven_half_second_counter           ; gen_counter      ; work         ;
;    |gen_counter:seven_second_counter|                ; 5 (5)               ; 6 (6)                     ; 0                 ; 0          ; 0    ; 0            ; |de1_top|gen_counter:seven_second_counter                ; gen_counter      ; work         ;
;    |gen_counter:ten_second_counter|                  ; 7 (7)               ; 6 (6)                     ; 0                 ; 0          ; 0    ; 0            ; |de1_top|gen_counter:ten_second_counter                  ; gen_counter      ; work         ;
;    |traffic_ew_cntrl:ew_main|                        ; 17 (17)             ; 4 (4)                     ; 0                 ; 0          ; 0    ; 0            ; |de1_top|traffic_ew_cntrl:ew_main                        ; traffic_ew_cntrl ; work         ;
;    |traffic_ns_cntrl:ns_main|                        ; 22 (22)             ; 4 (4)                     ; 0                 ; 0          ; 0    ; 0            ; |de1_top|traffic_ns_cntrl:ns_main                        ; traffic_ns_cntrl ; work         ;
+------------------------------------------------------+---------------------+---------------------------+-------------------+------------+------+--------------+----------------------------------------------------------+------------------+--------------+
Note: For table entries with two numbers listed, the numbers in parentheses indicate the number of resources of the given type used by the specific entity alone. The numbers listed outside of parentheses indicate the total resources of the given type used by the specific entity and all of its sub-entities in the hierarchy.


Encoding Type:  One-Hot
+----------------------------------------------------------------------------------------------------------------+
; State Machine - |de1_top|traffic_ew_cntrl:ew_main|current_state                                                ;
+-----------------------+-----------------------+----------------------+---------------------+-------------------+
; Name                  ; current_state.flash_r ; current_state.yellow ; current_state.green ; current_state.red ;
+-----------------------+-----------------------+----------------------+---------------------+-------------------+
; current_state.red     ; 0                     ; 0                    ; 0                   ; 0                 ;
; current_state.green   ; 0                     ; 0                    ; 1                   ; 1                 ;
; current_state.yellow  ; 0                     ; 1                    ; 0                   ; 1                 ;
; current_state.flash_r ; 1                     ; 0                    ; 0                   ; 1                 ;
+-----------------------+-----------------------+----------------------+---------------------+-------------------+


Encoding Type:  One-Hot
+----------------------------------------------------------------------------------------------------------------+
; State Machine - |de1_top|traffic_ns_cntrl:ns_main|current_state                                                ;
+-----------------------+-----------------------+----------------------+---------------------+-------------------+
; Name                  ; current_state.flash_y ; current_state.yellow ; current_state.green ; current_state.red ;
+-----------------------+-----------------------+----------------------+---------------------+-------------------+
; current_state.red     ; 0                     ; 0                    ; 0                   ; 0                 ;
; current_state.green   ; 0                     ; 0                    ; 1                   ; 1                 ;
; current_state.yellow  ; 0                     ; 1                    ; 0                   ; 1                 ;
; current_state.flash_y ; 1                     ; 0                    ; 0                   ; 1                 ;
+-----------------------+-----------------------+----------------------+---------------------+-------------------+


+-------------------------------------------------------------------------------------------------------------------+
; User-Specified and Inferred Latches                                                                               ;
+-----------------------------------------------------+------------------------------------+------------------------+
; Latch Name                                          ; Latch Enable Signal                ; Free of Timing Hazards ;
+-----------------------------------------------------+------------------------------------+------------------------+
; traffic_ns_cntrl:ns_main|next_state.red_239         ; traffic_ns_cntrl:ns_main|Selector0 ; yes                    ;
; traffic_ns_cntrl:ns_main|next_state.green_226       ; traffic_ns_cntrl:ns_main|Selector0 ; yes                    ;
; traffic_ew_cntrl:ew_main|next_state.red_235         ; traffic_ew_cntrl:ew_main|Selector4 ; yes                    ;
; traffic_ew_cntrl:ew_main|next_state.flash_r_196     ; traffic_ew_cntrl:ew_main|Selector4 ; yes                    ;
; traffic_ew_cntrl:ew_main|next_state.green_222       ; traffic_ew_cntrl:ew_main|Selector4 ; yes                    ;
; traffic_ew_cntrl:ew_main|next_state.yellow_209      ; traffic_ew_cntrl:ew_main|Selector4 ; yes                    ;
; traffic_ew_cntrl:ew_main|ew_state_out[0]            ; traffic_ew_cntrl:ew_main|Selector4 ; yes                    ;
; traffic_ew_cntrl:ew_main|ew_state_out[2]            ; traffic_ew_cntrl:ew_main|Selector4 ; yes                    ;
; traffic_ew_cntrl:ew_main|ew_state_out[3]            ; traffic_ew_cntrl:ew_main|Selector4 ; yes                    ;
; traffic_ew_cntrl:ew_main|ew_state_out[1]            ; traffic_ew_cntrl:ew_main|Selector4 ; yes                    ;
; traffic_ns_cntrl:ns_main|nw_state_out[1]            ; traffic_ns_cntrl:ns_main|Selector0 ; yes                    ;
; traffic_ns_cntrl:ns_main|nw_state_out[0]            ; traffic_ns_cntrl:ns_main|Selector0 ; yes                    ;
; traffic_ns_cntrl:ns_main|nw_state_out[2]            ; traffic_ns_cntrl:ns_main|Selector0 ; yes                    ;
; traffic_ns_cntrl:ns_main|next_state.yellow_213      ; traffic_ns_cntrl:ns_main|Selector0 ; yes                    ;
; traffic_ns_cntrl:ns_main|next_state.flash_y_200     ; traffic_ns_cntrl:ns_main|Selector0 ; yes                    ;
; Number of user-specified and inferred latches = 15  ;                                    ;                        ;
+-----------------------------------------------------+------------------------------------+------------------------+
Note: All latches listed above may not be present at the end of synthesis due to various synthesis optimizations.


+----------------------------------------------------------------------------------------------------------------+
; Registers Removed During Synthesis                                                                             ;
+------------------------------------------------------+---------------------------------------------------------+
; Register name                                        ; Reason for Removal                                      ;
+------------------------------------------------------+---------------------------------------------------------+
; gen_counter:one_point_five_second_counter|i_count[0] ; Merged with gen_counter:one_second_counter|i_count[0]   ;
; gen_counter:nine_second_counter|i_count[0]           ; Merged with gen_counter:seven_second_counter|i_count[0] ;
; gen_counter:seven_half_second_counter|i_count[0]     ; Merged with gen_counter:seven_second_counter|i_count[0] ;
; gen_counter:ten_second_counter|i_count[0]            ; Merged with gen_counter:seven_second_counter|i_count[0] ;
; gen_counter:eleven_half_second_counter|i_count[0]    ; Merged with gen_counter:seven_second_counter|i_count[0] ;
; Total Number of Removed Registers = 5                ;                                                         ;
+------------------------------------------------------+---------------------------------------------------------+


+------------------------------------------------------+
; General Register Statistics                          ;
+----------------------------------------------+-------+
; Statistic                                    ; Value ;
+----------------------------------------------+-------+
; Total registers                              ; 78    ;
; Number of registers using Synchronous Clear  ; 33    ;
; Number of registers using Synchronous Load   ; 0     ;
; Number of registers using Asynchronous Clear ; 78    ;
; Number of registers using Asynchronous Load  ; 0     ;
; Number of registers using Clock Enable       ; 36    ;
; Number of registers using Preset             ; 0     ;
+----------------------------------------------+-------+


+-----------------------------------------------------------------------------------------------------------------------------------------------------------------------------------+
; Multiplexer Restructuring Statistics (Restructuring Performed)                                                                                                                    ;
+--------------------+-----------+---------------+----------------------+------------------------+------------+---------------------------------------------------------------------+
; Multiplexer Inputs ; Bus Width ; Baseline Area ; Area if Restructured ; Saving if Restructured ; Registered ; Example Multiplexer Output                                          ;
+--------------------+-----------+---------------+----------------------+------------------------+------------+---------------------------------------------------------------------+
; 3:1                ; 9 bits    ; 18 LEs        ; 0 LEs                ; 18 LEs                 ; Yes        ; |de1_top|gen_counter:eleven_half_second_counter|term                ;
; 4:1                ; 6 bits    ; 12 LEs        ; 12 LEs               ; 0 LEs                  ; Yes        ; |de1_top|gen_counter:nine_second_counter|i_count[1]                 ;
; 4:1                ; 6 bits    ; 12 LEs        ; 12 LEs               ; 0 LEs                  ; Yes        ; |de1_top|gen_counter:eleven_half_second_counter|i_count[3]          ;
; 4:1                ; 3 bits    ; 6 LEs         ; 6 LEs                ; 0 LEs                  ; Yes        ; |de1_top|gen_counter:one_point_seven_five_second_counter|i_count[2] ;
; 4:1                ; 2 bits    ; 4 LEs         ; 4 LEs                ; 0 LEs                  ; Yes        ; |de1_top|gen_counter:one_second_counter|i_count[1]                  ;
; 4:1                ; 5 bits    ; 10 LEs        ; 10 LEs               ; 0 LEs                  ; Yes        ; |de1_top|gen_counter:five_fourth_counter|i_count[0]                 ;
; 4:1                ; 3 bits    ; 6 LEs         ; 6 LEs                ; 0 LEs                  ; Yes        ; |de1_top|gen_counter:one_point_five_second_counter|i_count[2]       ;
; 4:1                ; 5 bits    ; 10 LEs        ; 10 LEs               ; 0 LEs                  ; Yes        ; |de1_top|gen_counter:seven_second_counter|i_count[4]                ;
; 4:1                ; 5 bits    ; 10 LEs        ; 10 LEs               ; 0 LEs                  ; Yes        ; |de1_top|gen_counter:seven_half_second_counter|i_count[1]           ;
; 4:1                ; 6 bits    ; 12 LEs        ; 12 LEs               ; 0 LEs                  ; Yes        ; |de1_top|gen_counter:ten_second_counter|i_count[2]                  ;
; 4:1                ; 2 bits    ; 4 LEs         ; 4 LEs                ; 0 LEs                  ; No         ; |de1_top|traffic_ew_cntrl:ew_main|Selector3                         ;
+--------------------+-----------+---------------+----------------------+------------------------+------------+---------------------------------------------------------------------+


+-------------------------------------------------------------------------+
; Parameter Settings for User Entity Instance: Top-level Entity: |DE1_top ;
+-----------------+----------+--------------------------------------------+
; Parameter Name  ; Value    ; Type                                       ;
+-----------------+----------+--------------------------------------------+
; simulation_wide ; 24       ; Signed Integer                             ;
; simulation_max  ; 12500000 ; Signed Integer                             ;
+-----------------+----------+--------------------------------------------+
Note: In order to hide this table in the UI and the text report file, please set the "Show Parameter Settings in Synthesis Report" option in "Analysis and Synthesis Settings -> More Settings" to "Off".


+------------------------------------------------------------------------+
; Parameter Settings for User Entity Instance: gen_counter:large_counter ;
+----------------+----------+--------------------------------------------+
; Parameter Name ; Value    ; Type                                       ;
+----------------+----------+--------------------------------------------+
; wide           ; 24       ; Signed Integer                             ;
; max            ; 12500000 ; Signed Integer                             ;
+----------------+----------+--------------------------------------------+
Note: In order to hide this table in the UI and the text report file, please set the "Show Parameter Settings in Synthesis Report" option in "Analysis and Synthesis Settings -> More Settings" to "Off".


+-----------------------------------------------------------------------------+
; Parameter Settings for User Entity Instance: gen_counter:one_second_counter ;
+----------------+-------+----------------------------------------------------+
; Parameter Name ; Value ; Type                                               ;
+----------------+-------+----------------------------------------------------+
; wide           ; 2     ; Signed Integer                                     ;
; max            ; 3     ; Signed Integer                                     ;
+----------------+-------+----------------------------------------------------+
Note: In order to hide this table in the UI and the text report file, please set the "Show Parameter Settings in Synthesis Report" option in "Analysis and Synthesis Settings -> More Settings" to "Off".


+----------------------------------------------------------------------------------------+
; Parameter Settings for User Entity Instance: gen_counter:one_point_five_second_counter ;
+----------------+-------+---------------------------------------------------------------+
; Parameter Name ; Value ; Type                                                          ;
+----------------+-------+---------------------------------------------------------------+
; wide           ; 3     ; Signed Integer                                                ;
; max            ; 5     ; Signed Integer                                                ;
+----------------+-------+---------------------------------------------------------------+
Note: In order to hide this table in the UI and the text report file, please set the "Show Parameter Settings in Synthesis Report" option in "Analysis and Synthesis Settings -> More Settings" to "Off".


+----------------------------------------------------------------------------------------------+
; Parameter Settings for User Entity Instance: gen_counter:one_point_seven_five_second_counter ;
+----------------+-------+---------------------------------------------------------------------+
; Parameter Name ; Value ; Type                                                                ;
+----------------+-------+---------------------------------------------------------------------+
; wide           ; 3     ; Signed Integer                                                      ;
; max            ; 6     ; Signed Integer                                                      ;
+----------------+-------+---------------------------------------------------------------------+
Note: In order to hide this table in the UI and the text report file, please set the "Show Parameter Settings in Synthesis Report" option in "Analysis and Synthesis Settings -> More Settings" to "Off".


+------------------------------------------------------------------------------+
; Parameter Settings for User Entity Instance: gen_counter:five_fourth_counter ;
+----------------+-------+-----------------------------------------------------+
; Parameter Name ; Value ; Type                                                ;
+----------------+-------+-----------------------------------------------------+
; wide           ; 5     ; Signed Integer                                      ;
; max            ; 20    ; Signed Integer                                      ;
+----------------+-------+-----------------------------------------------------+
Note: In order to hide this table in the UI and the text report file, please set the "Show Parameter Settings in Synthesis Report" option in "Analysis and Synthesis Settings -> More Settings" to "Off".


+-------------------------------------------------------------------------------+
; Parameter Settings for User Entity Instance: gen_counter:seven_second_counter ;
+----------------+-------+------------------------------------------------------+
; Parameter Name ; Value ; Type                                                 ;
+----------------+-------+------------------------------------------------------+
; wide           ; 5     ; Signed Integer                                       ;
; max            ; 27    ; Signed Integer                                       ;
+----------------+-------+------------------------------------------------------+
Note: In order to hide this table in the UI and the text report file, please set the "Show Parameter Settings in Synthesis Report" option in "Analysis and Synthesis Settings -> More Settings" to "Off".


+------------------------------------------------------------------------------------+
; Parameter Settings for User Entity Instance: gen_counter:seven_half_second_counter ;
+----------------+-------+-----------------------------------------------------------+
; Parameter Name ; Value ; Type                                                      ;
+----------------+-------+-----------------------------------------------------------+
; wide           ; 5     ; Signed Integer                                            ;
; max            ; 29    ; Signed Integer                                            ;
+----------------+-------+-----------------------------------------------------------+
Note: In order to hide this table in the UI and the text report file, please set the "Show Parameter Settings in Synthesis Report" option in "Analysis and Synthesis Settings -> More Settings" to "Off".


+------------------------------------------------------------------------------+
; Parameter Settings for User Entity Instance: gen_counter:nine_second_counter ;
+----------------+-------+-----------------------------------------------------+
; Parameter Name ; Value ; Type                                                ;
+----------------+-------+-----------------------------------------------------+
; wide           ; 6     ; Signed Integer                                      ;
; max            ; 35    ; Signed Integer                                      ;
+----------------+-------+-----------------------------------------------------+
Note: In order to hide this table in the UI and the text report file, please set the "Show Parameter Settings in Synthesis Report" option in "Analysis and Synthesis Settings -> More Settings" to "Off".


+-----------------------------------------------------------------------------+
; Parameter Settings for User Entity Instance: gen_counter:ten_second_counter ;
+----------------+-------+----------------------------------------------------+
; Parameter Name ; Value ; Type                                               ;
+----------------+-------+----------------------------------------------------+
; wide           ; 6     ; Signed Integer                                     ;
; max            ; 39    ; Signed Integer                                     ;
+----------------+-------+----------------------------------------------------+
Note: In order to hide this table in the UI and the text report file, please set the "Show Parameter Settings in Synthesis Report" option in "Analysis and Synthesis Settings -> More Settings" to "Off".


+-------------------------------------------------------------------------------------+
; Parameter Settings for User Entity Instance: gen_counter:eleven_half_second_counter ;
+----------------+-------+------------------------------------------------------------+
; Parameter Name ; Value ; Type                                                       ;
+----------------+-------+------------------------------------------------------------+
; wide           ; 6     ; Signed Integer                                             ;
; max            ; 43    ; Signed Integer                                             ;
+----------------+-------+------------------------------------------------------------+
Note: In order to hide this table in the UI and the text report file, please set the "Show Parameter Settings in Synthesis Report" option in "Analysis and Synthesis Settings -> More Settings" to "Off".


+-----------------------------------------------------------------------------------------------------------------+
; Port Connectivity Checks: "gen_counter:eleven_half_second_counter"                                              ;
+-------+--------+----------+-------------------------------------------------------------------------------------+
; Port  ; Type   ; Severity ; Details                                                                             ;
+-------+--------+----------+-------------------------------------------------------------------------------------+
; data  ; Input  ; Info     ; Stuck at GND                                                                        ;
; count ; Output ; Info     ; Connected to dangling logic. Logic that only feeds a dangling port will be removed. ;
+-------+--------+----------+-------------------------------------------------------------------------------------+


+-----------------------------------------------------------------------------------------------------------------+
; Port Connectivity Checks: "gen_counter:ten_second_counter"                                                      ;
+-------+--------+----------+-------------------------------------------------------------------------------------+
; Port  ; Type   ; Severity ; Details                                                                             ;
+-------+--------+----------+-------------------------------------------------------------------------------------+
; data  ; Input  ; Info     ; Stuck at GND                                                                        ;
; count ; Output ; Info     ; Connected to dangling logic. Logic that only feeds a dangling port will be removed. ;
+-------+--------+----------+-------------------------------------------------------------------------------------+


+-----------------------------------------------------------------------------------------------------------------+
; Port Connectivity Checks: "gen_counter:nine_second_counter"                                                     ;
+-------+--------+----------+-------------------------------------------------------------------------------------+
; Port  ; Type   ; Severity ; Details                                                                             ;
+-------+--------+----------+-------------------------------------------------------------------------------------+
; data  ; Input  ; Info     ; Stuck at GND                                                                        ;
; count ; Output ; Info     ; Connected to dangling logic. Logic that only feeds a dangling port will be removed. ;
+-------+--------+----------+-------------------------------------------------------------------------------------+


+-----------------------------------------------------------------------------------------------------------------+
; Port Connectivity Checks: "gen_counter:seven_half_second_counter"                                               ;
+-------+--------+----------+-------------------------------------------------------------------------------------+
; Port  ; Type   ; Severity ; Details                                                                             ;
+-------+--------+----------+-------------------------------------------------------------------------------------+
; data  ; Input  ; Info     ; Stuck at GND                                                                        ;
; count ; Output ; Info     ; Connected to dangling logic. Logic that only feeds a dangling port will be removed. ;
+-------+--------+----------+-------------------------------------------------------------------------------------+


+-----------------------------------------------------------------------------------------------------------------+
; Port Connectivity Checks: "gen_counter:seven_second_counter"                                                    ;
+-------+--------+----------+-------------------------------------------------------------------------------------+
; Port  ; Type   ; Severity ; Details                                                                             ;
+-------+--------+----------+-------------------------------------------------------------------------------------+
; data  ; Input  ; Info     ; Stuck at GND                                                                        ;
; count ; Output ; Info     ; Connected to dangling logic. Logic that only feeds a dangling port will be removed. ;
+-------+--------+----------+-------------------------------------------------------------------------------------+


+-----------------------------------------------------------------------------------------------------------------+
; Port Connectivity Checks: "gen_counter:five_fourth_counter"                                                     ;
+-------+--------+----------+-------------------------------------------------------------------------------------+
; Port  ; Type   ; Severity ; Details                                                                             ;
+-------+--------+----------+-------------------------------------------------------------------------------------+
; data  ; Input  ; Info     ; Stuck at GND                                                                        ;
; count ; Output ; Info     ; Connected to dangling logic. Logic that only feeds a dangling port will be removed. ;
+-------+--------+----------+-------------------------------------------------------------------------------------+


+-----------------------------------------------------------------------------------------------------------------+
; Port Connectivity Checks: "gen_counter:one_point_seven_five_second_counter"                                     ;
+-------+--------+----------+-------------------------------------------------------------------------------------+
; Port  ; Type   ; Severity ; Details                                                                             ;
+-------+--------+----------+-------------------------------------------------------------------------------------+
; data  ; Input  ; Info     ; Stuck at GND                                                                        ;
; count ; Output ; Info     ; Connected to dangling logic. Logic that only feeds a dangling port will be removed. ;
+-------+--------+----------+-------------------------------------------------------------------------------------+


+-----------------------------------------------------------------------------------------------------------------+
; Port Connectivity Checks: "gen_counter:one_point_five_second_counter"                                           ;
+-------+--------+----------+-------------------------------------------------------------------------------------+
; Port  ; Type   ; Severity ; Details                                                                             ;
+-------+--------+----------+-------------------------------------------------------------------------------------+
; data  ; Input  ; Info     ; Stuck at GND                                                                        ;
; count ; Output ; Info     ; Connected to dangling logic. Logic that only feeds a dangling port will be removed. ;
+-------+--------+----------+-------------------------------------------------------------------------------------+


+-----------------------------------------------------------------------------------------------------------------+
; Port Connectivity Checks: "gen_counter:one_second_counter"                                                      ;
+-------+--------+----------+-------------------------------------------------------------------------------------+
; Port  ; Type   ; Severity ; Details                                                                             ;
+-------+--------+----------+-------------------------------------------------------------------------------------+
; data  ; Input  ; Info     ; Stuck at GND                                                                        ;
; count ; Output ; Info     ; Connected to dangling logic. Logic that only feeds a dangling port will be removed. ;
+-------+--------+----------+-------------------------------------------------------------------------------------+


+------------------------------------------------------------------------------------------------------------------+
; Port Connectivity Checks: "gen_counter:large_counter"                                                            ;
+--------+--------+----------+-------------------------------------------------------------------------------------+
; Port   ; Type   ; Severity ; Details                                                                             ;
+--------+--------+----------+-------------------------------------------------------------------------------------+
; data   ; Input  ; Info     ; Stuck at GND                                                                        ;
; load   ; Input  ; Info     ; Stuck at GND                                                                        ;
; enable ; Input  ; Info     ; Stuck at VCC                                                                        ;
; count  ; Output ; Info     ; Connected to dangling logic. Logic that only feeds a dangling port will be removed. ;
+--------+--------+----------+-------------------------------------------------------------------------------------+


+-----------------------------------------------------+
; Post-Synthesis Netlist Statistics for Top Partition ;
+-----------------------+-----------------------------+
; Type                  ; Count                       ;
+-----------------------+-----------------------------+
; arriav_ff             ; 78                          ;
;     CLR               ; 9                           ;
;     CLR SCLR          ; 33                          ;
;     ENA CLR           ; 36                          ;
; arriav_lcell_comb     ; 124                         ;
;     arith             ; 24                          ;
;         1 data inputs ; 24                          ;
;     normal            ; 100                         ;
;         0 data inputs ; 1                           ;
;         1 data inputs ; 7                           ;
;         2 data inputs ; 8                           ;
;         3 data inputs ; 22                          ;
;         4 data inputs ; 18                          ;
;         5 data inputs ; 19                          ;
;         6 data inputs ; 25                          ;
; boundary_port         ; 67                          ;
;                       ;                             ;
; Max LUT depth         ; 3.30                        ;
; Average LUT depth     ; 2.01                        ;
+-----------------------+-----------------------------+


+-------------------------------+
; Elapsed Time Per Partition    ;
+----------------+--------------+
; Partition Name ; Elapsed Time ;
+----------------+--------------+
; Top            ; 00:00:00     ;
+----------------+--------------+


+-------------------------------+
; Analysis & Synthesis Messages ;
+-------------------------------+
Info: *******************************************************************
Info: Running Quartus Prime Analysis & Synthesis
    Info: Version 16.1.0 Build 196 10/24/2016 SJ Lite Edition
    Info: Processing started: Thu Mar 21 15:48:38 2019
Info: Command: quartus_map --read_settings_files=on --write_settings_files=off DE1_base -c DE1_SOC_golden_top
Warning (18236): Number of processors has not been specified which may cause overloading on shared machines.  Set the global assignment NUM_PARALLEL_PROCESSORS in your QSF to an appropriate value for best performance.
Info (20030): Parallel compilation is enabled and will use 4 of the 4 processors detected
Info (12021): Found 2 design units, including 1 entities, in source file gen_counter.vhd
    Info (12022): Found design unit 1: gen_counter-rtl File: C:/EE457/lab7/gen_counter.vhd Line: 22
    Info (12023): Found entity 1: gen_counter File: C:/EE457/lab7/gen_counter.vhd Line: 5
Info (12021): Found 2 design units, including 1 entities, in source file seven_segment_cntrl.vhd
    Info (12022): Found design unit 1: seven_segment_cntrl-logic File: C:/EE457/lab7/seven_segment_cntrl.vhd Line: 37
    Info (12023): Found entity 1: seven_segment_cntrl File: C:/EE457/lab7/seven_segment_cntrl.vhd Line: 24
Info (12021): Found 2 design units, including 1 entities, in source file de1_top.vhd
    Info (12022): Found design unit 1: de1_top-struct File: C:/EE457/lab7/DE1_top.vhd Line: 32
    Info (12023): Found entity 1: de1_top File: C:/EE457/lab7/DE1_top.vhd Line: 6
Info (12021): Found 2 design units, including 1 entities, in source file traffic_ew_cntrl.vhd
    Info (12022): Found design unit 1: traffic_ew_cntrl-logic File: C:/EE457/lab7/traffic_ew_cntrl.vhd Line: 34
    Info (12023): Found entity 1: traffic_ew_cntrl File: C:/EE457/lab7/traffic_ew_cntrl.vhd Line: 5
Info (12021): Found 2 design units, including 1 entities, in source file traffic_ns_cntrl.vhd
    Info (12022): Found design unit 1: traffic_ns_cntrl-logic File: C:/EE457/lab7/traffic_ns_cntrl.vhd Line: 34
    Info (12023): Found entity 1: traffic_ns_cntrl File: C:/EE457/lab7/traffic_ns_cntrl.vhd Line: 5
Info (12127): Elaborating entity "DE1_top" for the top level hierarchy
Warning (10541): VHDL Signal Declaration warning at DE1_top.vhd(16): used implicit default value for signal "hex1" because signal was never assigned a value or an explicit default value. Use of implicit default value may introduce unintended design optimizations. File: C:/EE457/lab7/DE1_top.vhd Line: 16
Warning (10541): VHDL Signal Declaration warning at DE1_top.vhd(17): used implicit default value for signal "hex2" because signal was never assigned a value or an explicit default value. Use of implicit default value may introduce unintended design optimizations. File: C:/EE457/lab7/DE1_top.vhd Line: 17
Warning (10541): VHDL Signal Declaration warning at DE1_top.vhd(18): used implicit default value for signal "hex3" because signal was never assigned a value or an explicit default value. Use of implicit default value may introduce unintended design optimizations. File: C:/EE457/lab7/DE1_top.vhd Line: 18
Warning (10541): VHDL Signal Declaration warning at DE1_top.vhd(19): used implicit default value for signal "hex4" because signal was never assigned a value or an explicit default value. Use of implicit default value may introduce unintended design optimizations. File: C:/EE457/lab7/DE1_top.vhd Line: 19
Warning (10541): VHDL Signal Declaration warning at DE1_top.vhd(23): used implicit default value for signal "ledr" because signal was never assigned a value or an explicit default value. Use of implicit default value may introduce unintended design optimizations. File: C:/EE457/lab7/DE1_top.vhd Line: 23
Warning (10036): Verilog HDL or VHDL warning at DE1_top.vhd(36): object "one_sec_count_value" assigned a value but never read File: C:/EE457/lab7/DE1_top.vhd Line: 36
Warning (10036): Verilog HDL or VHDL warning at DE1_top.vhd(44): object "seven_sec_count_value" assigned a value but never read File: C:/EE457/lab7/DE1_top.vhd Line: 44
Warning (10036): Verilog HDL or VHDL warning at DE1_top.vhd(45): object "seven_half_sec_count_value" assigned a value but never read File: C:/EE457/lab7/DE1_top.vhd Line: 45
Warning (10036): Verilog HDL or VHDL warning at DE1_top.vhd(46): object "ten_sec_count_value" assigned a value but never read File: C:/EE457/lab7/DE1_top.vhd Line: 46
Warning (10036): Verilog HDL or VHDL warning at DE1_top.vhd(47): object "one_point_five_sec_count_value" assigned a value but never read File: C:/EE457/lab7/DE1_top.vhd Line: 47
Warning (10036): Verilog HDL or VHDL warning at DE1_top.vhd(55): object "nine_sec_count_value" assigned a value but never read File: C:/EE457/lab7/DE1_top.vhd Line: 55
Warning (10036): Verilog HDL or VHDL warning at DE1_top.vhd(56): object "eleven_half_sec_count_value" assigned a value but never read File: C:/EE457/lab7/DE1_top.vhd Line: 56
Warning (10036): Verilog HDL or VHDL warning at DE1_top.vhd(57): object "five_fourth_sec_count_value" assigned a value but never read File: C:/EE457/lab7/DE1_top.vhd Line: 57
Warning (10036): Verilog HDL or VHDL warning at DE1_top.vhd(58): object "one_point_seven_five_sec_count_value" assigned a value but never read File: C:/EE457/lab7/DE1_top.vhd Line: 58
Info (12128): Elaborating entity "gen_counter" for hierarchy "gen_counter:large_counter" File: C:/EE457/lab7/DE1_top.vhd Line: 112
Info (12128): Elaborating entity "gen_counter" for hierarchy "gen_counter:one_second_counter" File: C:/EE457/lab7/DE1_top.vhd Line: 130
Info (12128): Elaborating entity "gen_counter" for hierarchy "gen_counter:one_point_five_second_counter" File: C:/EE457/lab7/DE1_top.vhd Line: 146
Info (12128): Elaborating entity "gen_counter" for hierarchy "gen_counter:one_point_seven_five_second_counter" File: C:/EE457/lab7/DE1_top.vhd Line: 162
Info (12128): Elaborating entity "gen_counter" for hierarchy "gen_counter:five_fourth_counter" File: C:/EE457/lab7/DE1_top.vhd Line: 178
Info (12128): Elaborating entity "gen_counter" for hierarchy "gen_counter:seven_second_counter" File: C:/EE457/lab7/DE1_top.vhd Line: 194
Info (12128): Elaborating entity "gen_counter" for hierarchy "gen_counter:seven_half_second_counter" File: C:/EE457/lab7/DE1_top.vhd Line: 210
Info (12128): Elaborating entity "gen_counter" for hierarchy "gen_counter:nine_second_counter" File: C:/EE457/lab7/DE1_top.vhd Line: 226
Info (12128): Elaborating entity "gen_counter" for hierarchy "gen_counter:ten_second_counter" File: C:/EE457/lab7/DE1_top.vhd Line: 242
Info (12128): Elaborating entity "gen_counter" for hierarchy "gen_counter:eleven_half_second_counter" File: C:/EE457/lab7/DE1_top.vhd Line: 258
Info (12128): Elaborating entity "traffic_ns_cntrl" for hierarchy "traffic_ns_cntrl:ns_main" File: C:/EE457/lab7/DE1_top.vhd Line: 286
Warning (10631): VHDL Process Statement warning at traffic_ns_cntrl.vhd(47): inferring latch(es) for signal or variable "error_mode_active", which holds its previous value in one or more paths through the process File: C:/EE457/lab7/traffic_ns_cntrl.vhd Line: 47
Warning (10492): VHDL Process Statement warning at traffic_ns_cntrl.vhd(97): signal "error_mode_active" is read inside the Process Statement but isn't in the Process Statement's sensitivity list File: C:/EE457/lab7/traffic_ns_cntrl.vhd Line: 97
Warning (10631): VHDL Process Statement warning at traffic_ns_cntrl.vhd(59): inferring latch(es) for signal or variable "next_state", which holds its previous value in one or more paths through the process File: C:/EE457/lab7/traffic_ns_cntrl.vhd Line: 59
Warning (10631): VHDL Process Statement warning at traffic_ns_cntrl.vhd(59): inferring latch(es) for signal or variable "nw_state_out", which holds its previous value in one or more paths through the process File: C:/EE457/lab7/traffic_ns_cntrl.vhd Line: 59
Warning (10631): VHDL Process Statement warning at traffic_ns_cntrl.vhd(59): inferring latch(es) for signal or variable "error_mode_active", which holds its previous value in one or more paths through the process File: C:/EE457/lab7/traffic_ns_cntrl.vhd Line: 59
Info (10041): Inferred latch for "nw_state_out[0]" at traffic_ns_cntrl.vhd(59) File: C:/EE457/lab7/traffic_ns_cntrl.vhd Line: 59
Info (10041): Inferred latch for "nw_state_out[1]" at traffic_ns_cntrl.vhd(59) File: C:/EE457/lab7/traffic_ns_cntrl.vhd Line: 59
Info (10041): Inferred latch for "nw_state_out[2]" at traffic_ns_cntrl.vhd(59) File: C:/EE457/lab7/traffic_ns_cntrl.vhd Line: 59
Info (10041): Inferred latch for "nw_state_out[3]" at traffic_ns_cntrl.vhd(59) File: C:/EE457/lab7/traffic_ns_cntrl.vhd Line: 59
Info (10041): Inferred latch for "next_state.flash_y" at traffic_ns_cntrl.vhd(59) File: C:/EE457/lab7/traffic_ns_cntrl.vhd Line: 59
Info (10041): Inferred latch for "next_state.yellow" at traffic_ns_cntrl.vhd(59) File: C:/EE457/lab7/traffic_ns_cntrl.vhd Line: 59
Info (10041): Inferred latch for "next_state.green" at traffic_ns_cntrl.vhd(59) File: C:/EE457/lab7/traffic_ns_cntrl.vhd Line: 59
Info (10041): Inferred latch for "next_state.red" at traffic_ns_cntrl.vhd(59) File: C:/EE457/lab7/traffic_ns_cntrl.vhd Line: 59
Info (12128): Elaborating entity "traffic_ew_cntrl" for hierarchy "traffic_ew_cntrl:ew_main" File: C:/EE457/lab7/DE1_top.vhd Line: 300
Warning (10631): VHDL Process Statement warning at traffic_ew_cntrl.vhd(47): inferring latch(es) for signal or variable "error_mode_active", which holds its previous value in one or more paths through the process File: C:/EE457/lab7/traffic_ew_cntrl.vhd Line: 47
Warning (10492): VHDL Process Statement warning at traffic_ew_cntrl.vhd(98): signal "error_mode_active" is read inside the Process Statement but isn't in the Process Statement's sensitivity list File: C:/EE457/lab7/traffic_ew_cntrl.vhd Line: 98
Warning (10631): VHDL Process Statement warning at traffic_ew_cntrl.vhd(60): inferring latch(es) for signal or variable "next_state", which holds its previous value in one or more paths through the process File: C:/EE457/lab7/traffic_ew_cntrl.vhd Line: 60
Warning (10631): VHDL Process Statement warning at traffic_ew_cntrl.vhd(60): inferring latch(es) for signal or variable "ew_state_out", which holds its previous value in one or more paths through the process File: C:/EE457/lab7/traffic_ew_cntrl.vhd Line: 60
Warning (10631): VHDL Process Statement warning at traffic_ew_cntrl.vhd(60): inferring latch(es) for signal or variable "error_mode_active", which holds its previous value in one or more paths through the process File: C:/EE457/lab7/traffic_ew_cntrl.vhd Line: 60
Info (10041): Inferred latch for "ew_state_out[0]" at traffic_ew_cntrl.vhd(60) File: C:/EE457/lab7/traffic_ew_cntrl.vhd Line: 60
Info (10041): Inferred latch for "ew_state_out[1]" at traffic_ew_cntrl.vhd(60) File: C:/EE457/lab7/traffic_ew_cntrl.vhd Line: 60
Info (10041): Inferred latch for "ew_state_out[2]" at traffic_ew_cntrl.vhd(60) File: C:/EE457/lab7/traffic_ew_cntrl.vhd Line: 60
Info (10041): Inferred latch for "ew_state_out[3]" at traffic_ew_cntrl.vhd(60) File: C:/EE457/lab7/traffic_ew_cntrl.vhd Line: 60
Info (10041): Inferred latch for "next_state.flash_r" at traffic_ew_cntrl.vhd(60) File: C:/EE457/lab7/traffic_ew_cntrl.vhd Line: 60
Info (10041): Inferred latch for "next_state.yellow" at traffic_ew_cntrl.vhd(60) File: C:/EE457/lab7/traffic_ew_cntrl.vhd Line: 60
Info (10041): Inferred latch for "next_state.green" at traffic_ew_cntrl.vhd(60) File: C:/EE457/lab7/traffic_ew_cntrl.vhd Line: 60
Info (10041): Inferred latch for "next_state.red" at traffic_ew_cntrl.vhd(60) File: C:/EE457/lab7/traffic_ew_cntrl.vhd Line: 60
Info (13025): Duplicate LATCH primitives merged into single LATCH primitive
    Info (13026): Duplicate LATCH primitive "traffic_ew_cntrl:ew_main|ew_state_out[2]" merged with LATCH primitive "traffic_ew_cntrl:ew_main|next_state.red_235" File: C:/EE457/lab7/traffic_ew_cntrl.vhd Line: 60
    Info (13026): Duplicate LATCH primitive "traffic_ew_cntrl:ew_main|ew_state_out[0]" merged with LATCH primitive "traffic_ew_cntrl:ew_main|next_state.yellow_209" File: C:/EE457/lab7/traffic_ew_cntrl.vhd Line: 60
    Info (13026): Duplicate LATCH primitive "traffic_ns_cntrl:ns_main|next_state.flash_y_200" merged with LATCH primitive "traffic_ns_cntrl:ns_main|nw_state_out[2]" File: C:/EE457/lab7/traffic_ns_cntrl.vhd Line: 59
Warning (13012): Latch traffic_ns_cntrl:ns_main|next_state.red_239 has unsafe behavior File: C:/EE457/lab7/traffic_ns_cntrl.vhd Line: 59
    Warning (13013): Ports D and ENA on the latch are fed by the same signal gen_counter:one_point_five_second_counter|term File: C:/EE457/lab7/gen_counter.vhd Line: 18
Warning (13012): Latch traffic_ns_cntrl:ns_main|next_state.green_226 has unsafe behavior File: C:/EE457/lab7/traffic_ns_cntrl.vhd Line: 59
    Warning (13013): Ports D and ENA on the latch are fed by the same signal traffic_ns_cntrl:ns_main|current_state.flash_y File: C:/EE457/lab7/traffic_ns_cntrl.vhd Line: 40
Warning (13012): Latch traffic_ew_cntrl:ew_main|next_state.red_235 has unsafe behavior File: C:/EE457/lab7/traffic_ew_cntrl.vhd Line: 60
    Warning (13013): Ports D and ENA on the latch are fed by the same signal gen_counter:one_point_seven_five_second_counter|term File: C:/EE457/lab7/gen_counter.vhd Line: 18
Warning (13012): Latch traffic_ew_cntrl:ew_main|next_state.flash_r_196 has unsafe behavior File: C:/EE457/lab7/traffic_ew_cntrl.vhd Line: 60
    Warning (13013): Ports D and ENA on the latch are fed by the same signal traffic_ew_cntrl:ew_main|current_state.flash_r File: C:/EE457/lab7/traffic_ew_cntrl.vhd Line: 40
Warning (13012): Latch traffic_ew_cntrl:ew_main|next_state.green_222 has unsafe behavior File: C:/EE457/lab7/traffic_ew_cntrl.vhd Line: 60
    Warning (13013): Ports D and ENA on the latch are fed by the same signal traffic_ns_cntrl:ns_main|nw_state_out[1] File: C:/EE457/lab7/traffic_ns_cntrl.vhd Line: 59
Warning (13012): Latch traffic_ew_cntrl:ew_main|next_state.yellow_209 has unsafe behavior File: C:/EE457/lab7/traffic_ew_cntrl.vhd Line: 60
    Warning (13013): Ports D and ENA on the latch are fed by the same signal traffic_ew_cntrl:ew_main|current_state.yellow File: C:/EE457/lab7/traffic_ew_cntrl.vhd Line: 40
Warning (13012): Latch traffic_ew_cntrl:ew_main|ew_state_out[3] has unsafe behavior File: C:/EE457/lab7/traffic_ew_cntrl.vhd Line: 60
    Warning (13013): Ports D and ENA on the latch are fed by the same signal gen_counter:one_point_seven_five_second_counter|term File: C:/EE457/lab7/gen_counter.vhd Line: 18
Warning (13012): Latch traffic_ew_cntrl:ew_main|ew_state_out[1] has unsafe behavior File: C:/EE457/lab7/traffic_ew_cntrl.vhd Line: 60
    Warning (13013): Ports D and ENA on the latch are fed by the same signal traffic_ew_cntrl:ew_main|current_state.flash_r File: C:/EE457/lab7/traffic_ew_cntrl.vhd Line: 40
Warning (13012): Latch traffic_ns_cntrl:ns_main|nw_state_out[1] has unsafe behavior File: C:/EE457/lab7/traffic_ns_cntrl.vhd Line: 59
    Warning (13013): Ports D and ENA on the latch are fed by the same signal traffic_ns_cntrl:ns_main|current_state.flash_y File: C:/EE457/lab7/traffic_ns_cntrl.vhd Line: 40
Warning (13012): Latch traffic_ns_cntrl:ns_main|nw_state_out[0] has unsafe behavior File: C:/EE457/lab7/traffic_ns_cntrl.vhd Line: 59
    Warning (13013): Ports D and ENA on the latch are fed by the same signal traffic_ns_cntrl:ns_main|current_state.yellow File: C:/EE457/lab7/traffic_ns_cntrl.vhd Line: 40
Warning (13012): Latch traffic_ns_cntrl:ns_main|nw_state_out[2] has unsafe behavior File: C:/EE457/lab7/traffic_ns_cntrl.vhd Line: 59
    Warning (13013): Ports D and ENA on the latch are fed by the same signal traffic_ns_cntrl:ns_main|current_state.flash_y File: C:/EE457/lab7/traffic_ns_cntrl.vhd Line: 40
Warning (13012): Latch traffic_ns_cntrl:ns_main|next_state.yellow_213 has unsafe behavior File: C:/EE457/lab7/traffic_ns_cntrl.vhd Line: 59
    Warning (13013): Ports D and ENA on the latch are fed by the same signal gen_counter:one_point_five_second_counter|term File: C:/EE457/lab7/gen_counter.vhd Line: 18
Warning (13024): Output pins are stuck at VCC or GND
    Warning (13410): Pin "hex0[1]" is stuck at GND File: C:/EE457/lab7/DE1_top.vhd Line: 15
    Warning (13410): Pin "hex1[0]" is stuck at GND File: C:/EE457/lab7/DE1_top.vhd Line: 16
    Warning (13410): Pin "hex1[1]" is stuck at GND File: C:/EE457/lab7/DE1_top.vhd Line: 16
    Warning (13410): Pin "hex1[2]" is stuck at GND File: C:/EE457/lab7/DE1_top.vhd Line: 16
    Warning (13410): Pin "hex1[3]" is stuck at GND File: C:/EE457/lab7/DE1_top.vhd Line: 16
    Warning (13410): Pin "hex1[4]" is stuck at GND File: C:/EE457/lab7/DE1_top.vhd Line: 16
    Warning (13410): Pin "hex1[5]" is stuck at GND File: C:/EE457/lab7/DE1_top.vhd Line: 16
    Warning (13410): Pin "hex1[6]" is stuck at GND File: C:/EE457/lab7/DE1_top.vhd Line: 16
    Warning (13410): Pin "hex2[0]" is stuck at GND File: C:/EE457/lab7/DE1_top.vhd Line: 17
    Warning (13410): Pin "hex2[1]" is stuck at GND File: C:/EE457/lab7/DE1_top.vhd Line: 17
    Warning (13410): Pin "hex2[2]" is stuck at GND File: C:/EE457/lab7/DE1_top.vhd Line: 17
    Warning (13410): Pin "hex2[3]" is stuck at GND File: C:/EE457/lab7/DE1_top.vhd Line: 17
    Warning (13410): Pin "hex2[4]" is stuck at GND File: C:/EE457/lab7/DE1_top.vhd Line: 17
    Warning (13410): Pin "hex2[5]" is stuck at GND File: C:/EE457/lab7/DE1_top.vhd Line: 17
    Warning (13410): Pin "hex2[6]" is stuck at GND File: C:/EE457/lab7/DE1_top.vhd Line: 17
    Warning (13410): Pin "hex3[0]" is stuck at GND File: C:/EE457/lab7/DE1_top.vhd Line: 18
    Warning (13410): Pin "hex3[1]" is stuck at GND File: C:/EE457/lab7/DE1_top.vhd Line: 18
    Warning (13410): Pin "hex3[2]" is stuck at GND File: C:/EE457/lab7/DE1_top.vhd Line: 18
    Warning (13410): Pin "hex3[3]" is stuck at GND File: C:/EE457/lab7/DE1_top.vhd Line: 18
    Warning (13410): Pin "hex3[4]" is stuck at GND File: C:/EE457/lab7/DE1_top.vhd Line: 18
    Warning (13410): Pin "hex3[5]" is stuck at GND File: C:/EE457/lab7/DE1_top.vhd Line: 18
    Warning (13410): Pin "hex3[6]" is stuck at GND File: C:/EE457/lab7/DE1_top.vhd Line: 18
    Warning (13410): Pin "hex4[0]" is stuck at GND File: C:/EE457/lab7/DE1_top.vhd Line: 19
    Warning (13410): Pin "hex4[1]" is stuck at GND File: C:/EE457/lab7/DE1_top.vhd Line: 19
    Warning (13410): Pin "hex4[2]" is stuck at GND File: C:/EE457/lab7/DE1_top.vhd Line: 19
    Warning (13410): Pin "hex4[3]" is stuck at GND File: C:/EE457/lab7/DE1_top.vhd Line: 19
    Warning (13410): Pin "hex4[4]" is stuck at GND File: C:/EE457/lab7/DE1_top.vhd Line: 19
    Warning (13410): Pin "hex4[5]" is stuck at GND File: C:/EE457/lab7/DE1_top.vhd Line: 19
    Warning (13410): Pin "hex4[6]" is stuck at GND File: C:/EE457/lab7/DE1_top.vhd Line: 19
    Warning (13410): Pin "hex5[1]" is stuck at GND File: C:/EE457/lab7/DE1_top.vhd Line: 20
    Warning (13410): Pin "ledr[0]" is stuck at GND File: C:/EE457/lab7/DE1_top.vhd Line: 23
    Warning (13410): Pin "ledr[1]" is stuck at GND File: C:/EE457/lab7/DE1_top.vhd Line: 23
    Warning (13410): Pin "ledr[2]" is stuck at GND File: C:/EE457/lab7/DE1_top.vhd Line: 23
    Warning (13410): Pin "ledr[3]" is stuck at GND File: C:/EE457/lab7/DE1_top.vhd Line: 23
    Warning (13410): Pin "ledr[4]" is stuck at GND File: C:/EE457/lab7/DE1_top.vhd Line: 23
    Warning (13410): Pin "ledr[5]" is stuck at GND File: C:/EE457/lab7/DE1_top.vhd Line: 23
    Warning (13410): Pin "ledr[6]" is stuck at GND File: C:/EE457/lab7/DE1_top.vhd Line: 23
    Warning (13410): Pin "ledr[7]" is stuck at GND File: C:/EE457/lab7/DE1_top.vhd Line: 23
    Warning (13410): Pin "ledr[8]" is stuck at GND File: C:/EE457/lab7/DE1_top.vhd Line: 23
    Warning (13410): Pin "ledr[9]" is stuck at GND File: C:/EE457/lab7/DE1_top.vhd Line: 23
Info (286030): Timing-Driven Synthesis is running
Info (16010): Generating hard_block partition "hard_block:auto_generated_inst"
    Info (16011): Adding 0 node(s), including 0 DDIO, 0 PLL, 0 transceiver and 0 LCELL
Warning (21074): Design contains 9 input pin(s) that do not drive logic
    Warning (15610): No output dependent on input pin "key[1]" File: C:/EE457/lab7/DE1_top.vhd Line: 25
    Warning (15610): No output dependent on input pin "sw[0]" File: C:/EE457/lab7/DE1_top.vhd Line: 27
    Warning (15610): No output dependent on input pin "sw[1]" File: C:/EE457/lab7/DE1_top.vhd Line: 27
    Warning (15610): No output dependent on input pin "sw[2]" File: C:/EE457/lab7/DE1_top.vhd Line: 27
    Warning (15610): No output dependent on input pin "sw[3]" File: C:/EE457/lab7/DE1_top.vhd Line: 27
    Warning (15610): No output dependent on input pin "sw[4]" File: C:/EE457/lab7/DE1_top.vhd Line: 27
    Warning (15610): No output dependent on input pin "sw[5]" File: C:/EE457/lab7/DE1_top.vhd Line: 27
    Warning (15610): No output dependent on input pin "sw[6]" File: C:/EE457/lab7/DE1_top.vhd Line: 27
    Warning (15610): No output dependent on input pin "sw[7]" File: C:/EE457/lab7/DE1_top.vhd Line: 27
Info (21057): Implemented 195 device resources after synthesis - the final resource count might be different
    Info (21058): Implemented 15 input pins
    Info (21059): Implemented 52 output pins
    Info (21061): Implemented 128 logic cells
Info: Quartus Prime Analysis & Synthesis was successful. 0 errors, 100 warnings
    Info: Peak virtual memory: 4872 megabytes
    Info: Processing ended: Thu Mar 21 15:48:48 2019
    Info: Elapsed time: 00:00:10
    Info: Total CPU time (on all processors): 00:00:22


